# JRE version: OpenJDK Runtime Environment Homebrew (25.0.2) (build 25.0.2)
# Java VM: OpenJDK 64-Bit Server VM Homebrew (25.0.2, mixed mode, sharing, tiered, compressed oops, compressed class ptrs, g1 gc, bsd-aarch64)
GC Precious Log:
 CardTable entry size: 512
 Card Set container configuration: InlinePtr #cards 4 size 8 Array Of Cards #cards 32 size 80 Howl #buckets 8 coarsen threshold 7372 Howl Bitmap #cards 1024 size 144 coarsen threshold 921 Card regions per heap region 1 cards per card region 8192
 CPUs: 10 total, 10 available
 Memory: 24576M
 Large Page Support: Disabled
 NUMA Support: Disabled
 Compressed Oops: Enabled (Zero based)
 Heap Region Size: 4M
 Heap Min Capacity: 8M
 Heap Initial Capacity: 384M
 Heap Max Capacity: 6G
 Pre-touch: Disabled
 Parallel Workers: 9
 Concurrent Workers: 2
 Concurrent Refinement Workers: 9
 Periodic GC: Disabled
Heap:
 garbage-first heap   total reserved 6291456K, committed 311296K, used 47099K [0x0000000300800000, 0x0000000480800000)
  region size 4096K, 6 young (24576K), 3 survivors (12288K)
GC Heap Usage History (10 events):
Event: 0.710 {heap Before GC invocations=0 (full 0):
 garbage-first heap   total reserved 6291456K, committed 397312K, used 50308K [0x0000000300800000, 0x0000000480800000)
  region size 4096K, 12 young (49152K), 0 survivors (0K)
}
Event: 0.712 {heap After GC invocations=1 (full 0):
 garbage-first heap   total reserved 6291456K, committed 397312K, used 11343K [0x0000000300800000, 0x0000000480800000)
  region size 4096K, 2 young (8192K), 2 survivors (8192K)
}
Event: 1.447 {heap Before GC invocations=1 (full 0):
 garbage-first heap   total reserved 6291456K, committed 397312K, used 48207K [0x0000000300800000, 0x0000000480800000)
  region size 4096K, 13 young (53248K), 2 survivors (8192K)
}
Event: 1.451 {heap After GC invocations=2 (full 0):
 garbage-first heap   total reserved 6291456K, committed 397312K, used 16744K [0x0000000300800000, 0x0000000480800000)
  region size 4096K, 4 young (16384K), 4 survivors (16384K)
}
Event: 12.063 {heap Before GC invocations=2 (full 0):
 garbage-first heap   total reserved 6291456K, committed 397312K, used 237928K [0x0000000300800000, 0x0000000480800000)
  region size 4096K, 15 young (61440K), 4 survivors (16384K)
}
Event: 12.089 {heap After GC invocations=3 (full 0):
 garbage-first heap   total reserved 6291456K, committed 397312K, used 22773K [0x0000000300800000, 0x0000000480800000)
  region size 4096K, 5 young (20480K), 5 survivors (20480K)
}
Event: 12.106 {heap Before GC invocations=3 (full 0):
 garbage-first heap   total reserved 6291456K, committed 397312K, used 26869K [0x0000000300800000, 0x0000000480800000)
  region size 4096K, 6 young (24576K), 5 survivors (20480K)
}
Event: 12.115 {heap After GC invocations=4 (full 0):
 garbage-first heap   total reserved 6291456K, committed 397312K, used 25996K [0x0000000300800000, 0x0000000480800000)
  region size 4096K, 3 young (12288K), 3 survivors (12288K)
}
Event: 21.526 {heap Before GC invocations=5 (full 0):
 garbage-first heap   total reserved 6291456K, committed 299008K, used 292236K [0x0000000300800000, 0x0000000480800000)
  region size 4096K, 18 young (73728K), 3 survivors (12288K)
}
Event: 21.533 {heap After GC invocations=6 (full 0):
 garbage-first heap   total reserved 6291456K, committed 311296K, used 30715K [0x0000000300800000, 0x0000000480800000)
  region size 4096K, 3 young (12288K), 3 survivors (12288K)
}

